Using pre-set license
Built from '2020.2/staging' branch; Version is '2020.2.7f1 (c53830e277f1) revision 12924976'; Using compiler version '192528614'; Build Type 'Release'
OS: 'Windows 10 Home; OS build 19041.804; Version 2004; 64bit' Language: 'en' Physical Memory: 32669 MB
BatchMode: 1, IsHumanControllingUs: 0, StartBugReporterOnCrash: 0, Is64bit: 1, IsPro: 0

 COMMAND LINE ARGUMENTS:
C:\Program Files\Unity\Hub\Editor\2020.2.7f1\Editor\Unity.exe
-adb2
-batchMode
-noUpm
-name
AssetImportWorker0
-projectPath
C:/Users/Moritz/Unity/Project-Boost/Project Boost
-logFile
Logs/AssetImportWorker0.log
-srvPort
50441
Successfully changed project path to: C:/Users/Moritz/Unity/Project-Boost/Project Boost
C:/Users/Moritz/Unity/Project-Boost/Project Boost
Using Asset Import Pipeline V2.
Refreshing native plugins compatible for Editor in 26.61 ms, found 0 plugins.
Preloading 0 native plugins for Editor in 0.00 ms.
Initialize engine version: 2020.2.7f1 (c53830e277f1)
[Subsystems] Discovering subsystems at path C:/Program Files/Unity/Hub/Editor/2020.2.7f1/Editor/Data/Resources/UnitySubsystems
[Subsystems] Discovering subsystems at path C:/Users/Moritz/Unity/Project-Boost/Project Boost/Assets
GfxDevice: creating device client; threaded=0
Direct3D:
    Version:  Direct3D 11.0 [level 11.1]
    Renderer: NVIDIA GeForce GTX 970 (ID=0x13c2)
    Vendor:   
    VRAM:     4043 MB
    Driver:   27.21.14.6079
Initialize mono
Mono path[0] = 'C:/Program Files/Unity/Hub/Editor/2020.2.7f1/Editor/Data/Managed'
Mono path[1] = 'C:/Program Files/Unity/Hub/Editor/2020.2.7f1/Editor/Data/MonoBleedingEdge/lib/mono/unityjit'
Mono config path = 'C:/Program Files/Unity/Hub/Editor/2020.2.7f1/Editor/Data/MonoBleedingEdge/etc'
Using monoOptions --debugger-agent=transport=dt_socket,embedding=1,server=y,suspend=n,address=127.0.0.1:56748
Begin MonoManager ReloadAssembly
Registering precompiled unity dll's ...
Register platform support module: C:/Program Files/Unity/Hub/Editor/2020.2.7f1/Editor/Data/PlaybackEngines/WindowsStandaloneSupport/UnityEditor.WindowsStandalone.Extensions.dll
Registered in 0.003696 seconds.
Native extension for WindowsStandalone target not found
Refreshing native plugins compatible for Editor in 26.61 ms, found 0 plugins.
Preloading 0 native plugins for Editor in 0.00 ms.
Invoked RoslynAnalysisRunner static constructor.
RoslynAnalysisRunner will not be running.
RoslynAnalysisRunner has terminated.
Mono: successfully reloaded assembly
- Completed reload, in  1.318 seconds
Platform modules already initialized, skipping
Registering precompiled user dll's ...
Registered in 0.000902 seconds.
Begin MonoManager ReloadAssembly
Native extension for WindowsStandalone target not found
Refreshing native plugins compatible for Editor in 0.28 ms, found 0 plugins.
Preloading 0 native plugins for Editor in 0.00 ms.
Invoked RoslynAnalysisRunner static constructor.
RoslynAnalysisRunner will not be running.
RoslynAnalysisRunner has terminated.
Mono: successfully reloaded assembly
- Completed reload, in  0.980 seconds
Platform modules already initialized, skipping
========================================================================
Worker process is ready to serve import requests
Launched and connected shader compiler UnityShaderCompiler.exe after 0.11 seconds
Refreshing native plugins compatible for Editor in 0.27 ms, found 0 plugins.
Preloading 0 native plugins for Editor in 0.00 ms.
Unloading 1261 Unused Serialized files (Serialized files now loaded: 0)
System memory in use before: 61.8 MB.
System memory in use after: 61.8 MB.

Unloading 11 unused Assets to reduce memory usage. Loaded Objects now: 1703.
Total: 1.944700 ms (FindLiveObjects: 0.200800 ms CreateObjectMapping: 0.068500 ms MarkObjects: 1.590400 ms  DeleteObjects: 0.083900 ms)

========================================================================
Received Import Request.
  path: Assets/Scenes/Fly Over
  artifactKey: Guid(5e03e61b549f11b4598d8316f63b1e84) Importer(815301076,1909f56bfc062723c751e8b465ee728b)
Start importing Assets/Scenes/Fly Over using Guid(5e03e61b549f11b4598d8316f63b1e84) Importer(815301076,1909f56bfc062723c751e8b465ee728b)  -> (artifact id: '350761e65d8a6364a83cae31bab699a2') in 0.032904 seconds
  Import took 0.035250 seconds .

========================================================================
Received Import Request.
  Time since last request: 0.696008 seconds.
  path: Assets/Scenes/Level1
  artifactKey: Guid(5e03e61b549f11b4598d8316f63b1e84) Importer(815301076,1909f56bfc062723c751e8b465ee728b)
Start importing Assets/Scenes/Level1 using Guid(5e03e61b549f11b4598d8316f63b1e84) Importer(815301076,1909f56bfc062723c751e8b465ee728b)  -> (artifact id: '1e4e1005ebc8843a1dcccff881cf84b6') in 0.009145 seconds
  Import took 0.011836 seconds .

========================================================================
Received Import Request.
  Time since last request: 24.808580 seconds.
  path: Assets/Scenes/Fly Over.unity
  artifactKey: Guid(9fc0d4010bbf28b4594072e72b8655ab) Importer(815301076,1909f56bfc062723c751e8b465ee728b)
Start importing Assets/Scenes/Fly Over.unity using Guid(9fc0d4010bbf28b4594072e72b8655ab) Importer(815301076,1909f56bfc062723c751e8b465ee728b)  -> (artifact id: '4e4203b258261cdbebc5c4ec73d55781') in 0.038088 seconds
  Import took 0.040444 seconds .

========================================================================
Received Import Request.
  Time since last request: 6.791626 seconds.
  path: Assets/Scenes/Level 1.unity
  artifactKey: Guid(9fc0d4010bbf28b4594072e72b8655ab) Importer(815301076,1909f56bfc062723c751e8b465ee728b)
Start importing Assets/Scenes/Level 1.unity using Guid(9fc0d4010bbf28b4594072e72b8655ab) Importer(815301076,1909f56bfc062723c751e8b465ee728b)  -> (artifact id: 'f311855716763208c078851bec211257') in 0.033013 seconds
  Import took 0.035860 seconds .

========================================================================
Received Import Request.
  Time since last request: 6.091358 seconds.
  path: Assets/Scenes/Level 2.unity
  artifactKey: Guid(ad2723670bf46c143821a31ea5a986ba) Importer(815301076,1909f56bfc062723c751e8b465ee728b)
Start importing Assets/Scenes/Level 2.unity using Guid(ad2723670bf46c143821a31ea5a986ba) Importer(815301076,1909f56bfc062723c751e8b465ee728b)  -> (artifact id: '4f3f93e551b56ce9e2aae34c79820bfa') in 0.037677 seconds
  Import took 0.040050 seconds .

========================================================================
Received Import Request.
  Time since last request: 16.827897 seconds.
  path: Assets/Prefabs/Obstacle_Box.prefab
  artifactKey: Guid(12e4819fb4a250e46879c210192c482b) Importer(815301076,1909f56bfc062723c751e8b465ee728b)
Start importing Assets/Prefabs/Obstacle_Box.prefab using Guid(12e4819fb4a250e46879c210192c482b) Importer(815301076,1909f56bfc062723c751e8b465ee728b)  -> (artifact id: 'a72fcdef7e33849d060a77c6fc1bfeaa') in 0.136184 seconds
  Import took 0.138920 seconds .

========================================================================
Received Import Request.
  Time since last request: 2.097667 seconds.
  path: Assets/Prefabs/Rocket.prefab
  artifactKey: Guid(d97df61ff3541af4e874b7ad9a2d570b) Importer(815301076,1909f56bfc062723c751e8b465ee728b)
Start importing Assets/Prefabs/Rocket.prefab using Guid(d97df61ff3541af4e874b7ad9a2d570b) Importer(815301076,1909f56bfc062723c751e8b465ee728b)  -> (artifact id: 'ff51044199bfd28a2c53883d4b3a279b') in 0.052735 seconds
  Import took 0.055681 seconds .

========================================================================
Received Import Request.
  Time since last request: 587.513725 seconds.
  path: Assets/Scenes/Level 1.unity
  artifactKey: Guid(9fc0d4010bbf28b4594072e72b8655ab) Importer(815301076,1909f56bfc062723c751e8b465ee728b)
Start importing Assets/Scenes/Level 1.unity using Guid(9fc0d4010bbf28b4594072e72b8655ab) Importer(815301076,1909f56bfc062723c751e8b465ee728b)  -> (artifact id: '3ec3e0fd370244024ad1ec4ad87e7951') in 0.004409 seconds
  Import took 0.007333 seconds .

========================================================================
Received Import Request.
  Time since last request: 17.082664 seconds.
  path: Assets/Prefabs/CM vcam1.prefab
  artifactKey: Guid(6afa32126f5044743ac0d75cfd7264a6) Importer(815301076,1909f56bfc062723c751e8b465ee728b)
Start importing Assets/Prefabs/CM vcam1.prefab using Guid(6afa32126f5044743ac0d75cfd7264a6) Importer(815301076,1909f56bfc062723c751e8b465ee728b)  -> (artifact id: '2fe9c5495a5cdf27cccd59a90ca04d51') in 0.045471 seconds
  Import took 0.048440 seconds .

========================================================================
Received Import Request.
  Time since last request: 0.003846 seconds.
  path: Assets/Prefabs/CM vcam1.prefab
  artifactKey: Guid(6afa32126f5044743ac0d75cfd7264a6) Importer(815301076,1909f56bfc062723c751e8b465ee728b)
Start importing Assets/Prefabs/CM vcam1.prefab using Guid(6afa32126f5044743ac0d75cfd7264a6) Importer(815301076,1909f56bfc062723c751e8b465ee728b)  -> (artifact id: '2fe9c5495a5cdf27cccd59a90ca04d51') in 0.005390 seconds
  Import took 0.008621 seconds .

========================================================================
Received Import Request.
  Time since last request: 6.300537 seconds.
  path: Assets/Prefabs/Main Camera.prefab
  artifactKey: Guid(52fa7533a5bce3c41900693748d83bd3) Importer(815301076,1909f56bfc062723c751e8b465ee728b)
Start importing Assets/Prefabs/Main Camera.prefab using Guid(52fa7533a5bce3c41900693748d83bd3) Importer(815301076,1909f56bfc062723c751e8b465ee728b)  -> (artifact id: '0c0b2b0cb33f4a3cf2a38fd7ae8ca411') in 0.043466 seconds
  Import took 0.046024 seconds .

========================================================================
Received Import Request.
  Time since last request: 4.619098 seconds.
  path: Assets/Scenes/Level 2.unity
  artifactKey: Guid(ad2723670bf46c143821a31ea5a986ba) Importer(815301076,1909f56bfc062723c751e8b465ee728b)
Start importing Assets/Scenes/Level 2.unity using Guid(ad2723670bf46c143821a31ea5a986ba) Importer(815301076,1909f56bfc062723c751e8b465ee728b)  -> (artifact id: '493abf9925abd7f7571307c794354406') in 0.004358 seconds
  Import took 0.007342 seconds .

========================================================================
Received Prepare
Registering precompiled user dll's ...
Registered in 0.000982 seconds.
Begin MonoManager ReloadAssembly
Native extension for WindowsStandalone target not found
Refreshing native plugins compatible for Editor in 0.28 ms, found 0 plugins.
Preloading 0 native plugins for Editor in 0.00 ms.
Invoked RoslynAnalysisRunner static constructor.
RoslynAnalysisRunner will not be running.
RoslynAnalysisRunner has terminated.
Mono: successfully reloaded assembly
- Completed reload, in  0.921 seconds
Platform modules already initialized, skipping
Refreshing native plugins compatible for Editor in 0.28 ms, found 0 plugins.
Preloading 0 native plugins for Editor in 0.00 ms.
Unloading 1256 Unused Serialized files (Serialized files now loaded: 0)
System memory in use before: 65.1 MB.
System memory in use after: 65.2 MB.

Unloading 6 unused Assets to reduce memory usage. Loaded Objects now: 1717.
Total: 1.806000 ms (FindLiveObjects: 0.133800 ms CreateObjectMapping: 0.040600 ms MarkObjects: 1.574700 ms  DeleteObjects: 0.056100 ms)

========================================================================
Received Import Request.
  Time since last request: 188.223089 seconds.
  path: Assets/Scenes/Level 1.unity
  artifactKey: Guid(9fc0d4010bbf28b4594072e72b8655ab) Importer(815301076,1909f56bfc062723c751e8b465ee728b)
Start importing Assets/Scenes/Level 1.unity using Guid(9fc0d4010bbf28b4594072e72b8655ab) Importer(815301076,1909f56bfc062723c751e8b465ee728b)  -> (artifact id: '8094f28c8b8f75825e9081279b207327') in 0.012939 seconds
  Import took 0.016154 seconds .

========================================================================
Received Import Request.
  Time since last request: 8.542233 seconds.
  path: Assets/Prefabs/Obstacle_Cube (1).prefab
  artifactKey: Guid(5f7576479ed67b14c940f4e01010951f) Importer(815301076,1909f56bfc062723c751e8b465ee728b)
Start importing Assets/Prefabs/Obstacle_Cube (1).prefab using Guid(5f7576479ed67b14c940f4e01010951f) Importer(815301076,1909f56bfc062723c751e8b465ee728b)  -> (artifact id: '5dc73ec2c21ce554234c756f528f579d') in 0.082123 seconds
  Import took 0.084845 seconds .

========================================================================
Received Import Request.
  Time since last request: 11.122944 seconds.
  path: Assets/Prefabs/Obstacle_Rock.prefab
  artifactKey: Guid(5f7576479ed67b14c940f4e01010951f) Importer(815301076,1909f56bfc062723c751e8b465ee728b)
Start importing Assets/Prefabs/Obstacle_Rock.prefab using Guid(5f7576479ed67b14c940f4e01010951f) Importer(815301076,1909f56bfc062723c751e8b465ee728b)  -> (artifact id: 'dcc6082f2f1ce18a347ddc94ae92c9a3') in 0.038858 seconds
  Import took 0.041537 seconds .

========================================================================
Received Import Request.
  Time since last request: 2.995355 seconds.
  path: Assets/Scenes/Level 2.unity
  artifactKey: Guid(ad2723670bf46c143821a31ea5a986ba) Importer(815301076,1909f56bfc062723c751e8b465ee728b)
Start importing Assets/Scenes/Level 2.unity using Guid(ad2723670bf46c143821a31ea5a986ba) Importer(815301076,1909f56bfc062723c751e8b465ee728b)  -> (artifact id: '78129159281301659bbb14d646bd8066') in 0.004100 seconds
  Import took 0.006630 seconds .

========================================================================
Received Import Request.
  Time since last request: 0.000436 seconds.
  path: Assets/Scenes/Level 2.unity
  artifactKey: Guid(ad2723670bf46c143821a31ea5a986ba) Importer(815301076,1909f56bfc062723c751e8b465ee728b)
Start importing Assets/Scenes/Level 2.unity using Guid(ad2723670bf46c143821a31ea5a986ba) Importer(815301076,1909f56bfc062723c751e8b465ee728b)  -> (artifact id: '78129159281301659bbb14d646bd8066') in 0.005522 seconds
  Import took 0.009157 seconds .

========================================================================
Received Prepare
Registering precompiled user dll's ...
Registered in 0.000975 seconds.
Begin MonoManager ReloadAssembly
Native extension for WindowsStandalone target not found
Refreshing native plugins compatible for Editor in 0.30 ms, found 0 plugins.
Preloading 0 native plugins for Editor in 0.00 ms.
Invoked RoslynAnalysisRunner static constructor.
RoslynAnalysisRunner will not be running.
RoslynAnalysisRunner has terminated.
Mono: successfully reloaded assembly
- Completed reload, in  0.994 seconds
Platform modules already initialized, skipping
Refreshing native plugins compatible for Editor in 0.34 ms, found 0 plugins.
Preloading 0 native plugins for Editor in 0.00 ms.
Unloading 1255 Unused Serialized files (Serialized files now loaded: 0)
System memory in use before: 65.1 MB.
System memory in use after: 65.2 MB.

Unloading 6 unused Assets to reduce memory usage. Loaded Objects now: 1721.
Total: 2.522000 ms (FindLiveObjects: 0.158900 ms CreateObjectMapping: 0.043400 ms MarkObjects: 2.242200 ms  DeleteObjects: 0.076200 ms)

========================================================================
Received Prepare
Registering precompiled user dll's ...
Registered in 0.000994 seconds.
Begin MonoManager ReloadAssembly
Native extension for WindowsStandalone target not found
Refreshing native plugins compatible for Editor in 0.30 ms, found 0 plugins.
Preloading 0 native plugins for Editor in 0.00 ms.
Invoked RoslynAnalysisRunner static constructor.
RoslynAnalysisRunner will not be running.
RoslynAnalysisRunner has terminated.
Mono: successfully reloaded assembly
- Completed reload, in  0.970 seconds
Platform modules already initialized, skipping
Refreshing native plugins compatible for Editor in 0.29 ms, found 0 plugins.
Preloading 0 native plugins for Editor in 0.00 ms.
Unloading 1255 Unused Serialized files (Serialized files now loaded: 0)
System memory in use before: 65.1 MB.
System memory in use after: 65.2 MB.

Unloading 6 unused Assets to reduce memory usage. Loaded Objects now: 1724.
Total: 1.906700 ms (FindLiveObjects: 0.159100 ms CreateObjectMapping: 0.043800 ms MarkObjects: 1.637300 ms  DeleteObjects: 0.065400 ms)

========================================================================
Received Import Request.
  Time since last request: 725.465091 seconds.
  path: Assets/Scenes/Level 1.unity
  artifactKey: Guid(9fc0d4010bbf28b4594072e72b8655ab) Importer(815301076,1909f56bfc062723c751e8b465ee728b)
Start importing Assets/Scenes/Level 1.unity using Guid(9fc0d4010bbf28b4594072e72b8655ab) Importer(815301076,1909f56bfc062723c751e8b465ee728b)  -> (artifact id: '5623e9a4b62b9a3a1c65c60c5662aed0') in 0.012266 seconds
  Import took 0.014916 seconds .

========================================================================
Received Import Request.
  Time since last request: 0.001576 seconds.
  path: Assets/Scenes/Level 1.unity
  artifactKey: Guid(9fc0d4010bbf28b4594072e72b8655ab) Importer(815301076,1909f56bfc062723c751e8b465ee728b)
Start importing Assets/Scenes/Level 1.unity using Guid(9fc0d4010bbf28b4594072e72b8655ab) Importer(815301076,1909f56bfc062723c751e8b465ee728b)  -> (artifact id: '5623e9a4b62b9a3a1c65c60c5662aed0') in 0.003902 seconds
  Import took 0.006628 seconds .

========================================================================
Received Import Request.
  Time since last request: 88.849272 seconds.
  path: Assets/Scenes/Level 2.unity
  artifactKey: Guid(ad2723670bf46c143821a31ea5a986ba) Importer(815301076,1909f56bfc062723c751e8b465ee728b)
Start importing Assets/Scenes/Level 2.unity using Guid(ad2723670bf46c143821a31ea5a986ba) Importer(815301076,1909f56bfc062723c751e8b465ee728b)  -> (artifact id: '0b8b89ddadf65d76f9084c646349a350') in 0.004237 seconds
  Import took 0.006920 seconds .

========================================================================
Received Prepare
Registering precompiled user dll's ...
Registered in 0.000991 seconds.
Begin MonoManager ReloadAssembly
Native extension for WindowsStandalone target not found
Refreshing native plugins compatible for Editor in 0.34 ms, found 0 plugins.
Preloading 0 native plugins for Editor in 0.00 ms.
Invoked RoslynAnalysisRunner static constructor.
RoslynAnalysisRunner will not be running.
RoslynAnalysisRunner has terminated.
Mono: successfully reloaded assembly
- Completed reload, in  0.925 seconds
Platform modules already initialized, skipping
Refreshing native plugins compatible for Editor in 0.34 ms, found 0 plugins.
Preloading 0 native plugins for Editor in 0.00 ms.
Unloading 1255 Unused Serialized files (Serialized files now loaded: 0)
System memory in use before: 65.1 MB.
System memory in use after: 65.2 MB.

Unloading 6 unused Assets to reduce memory usage. Loaded Objects now: 1727.
Total: 1.814400 ms (FindLiveObjects: 0.200300 ms CreateObjectMapping: 0.042900 ms MarkObjects: 1.515000 ms  DeleteObjects: 0.055000 ms)

========================================================================
Received Prepare
Registering precompiled user dll's ...
Registered in 0.000912 seconds.
Begin MonoManager ReloadAssembly
Native extension for WindowsStandalone target not found
Refreshing native plugins compatible for Editor in 0.29 ms, found 0 plugins.
Preloading 0 native plugins for Editor in 0.00 ms.
Invoked RoslynAnalysisRunner static constructor.
RoslynAnalysisRunner will not be running.
RoslynAnalysisRunner has terminated.
Mono: successfully reloaded assembly
- Completed reload, in  0.919 seconds
Platform modules already initialized, skipping
Refreshing native plugins compatible for Editor in 0.30 ms, found 0 plugins.
Preloading 0 native plugins for Editor in 0.00 ms.
Unloading 1255 Unused Serialized files (Serialized files now loaded: 0)
System memory in use before: 65.1 MB.
System memory in use after: 65.2 MB.

Unloading 6 unused Assets to reduce memory usage. Loaded Objects now: 1730.
Total: 1.966300 ms (FindLiveObjects: 0.265600 ms CreateObjectMapping: 0.067000 ms MarkObjects: 1.573200 ms  DeleteObjects: 0.058700 ms)

