Using pre-set license
Built from '2020.2/staging' branch; Version is '2020.2.7f1 (c53830e277f1) revision 12924976'; Using compiler version '192528614'; Build Type 'Release'
OS: 'Windows 10 Home; OS build 19041.804; Version 2004; 64bit' Language: 'en' Physical Memory: 32669 MB
BatchMode: 1, IsHumanControllingUs: 0, StartBugReporterOnCrash: 0, Is64bit: 1, IsPro: 0

 COMMAND LINE ARGUMENTS:
C:\Program Files\Unity\Hub\Editor\2020.2.7f1\Editor\Unity.exe
-adb2
-batchMode
-noUpm
-name
AssetImportWorker0
-projectPath
C:/Users/Moritz/Unity/Project-Boost/Project Boost
-logFile
Logs/AssetImportWorker0.log
-srvPort
50441
Successfully changed project path to: C:/Users/Moritz/Unity/Project-Boost/Project Boost
C:/Users/Moritz/Unity/Project-Boost/Project Boost
Using Asset Import Pipeline V2.
Refreshing native plugins compatible for Editor in 26.61 ms, found 0 plugins.
Preloading 0 native plugins for Editor in 0.00 ms.
Initialize engine version: 2020.2.7f1 (c53830e277f1)
[Subsystems] Discovering subsystems at path C:/Program Files/Unity/Hub/Editor/2020.2.7f1/Editor/Data/Resources/UnitySubsystems
[Subsystems] Discovering subsystems at path C:/Users/Moritz/Unity/Project-Boost/Project Boost/Assets
GfxDevice: creating device client; threaded=0
Direct3D:
    Version:  Direct3D 11.0 [level 11.1]
    Renderer: NVIDIA GeForce GTX 970 (ID=0x13c2)
    Vendor:   
    VRAM:     4043 MB
    Driver:   27.21.14.6079
Initialize mono
Mono path[0] = 'C:/Program Files/Unity/Hub/Editor/2020.2.7f1/Editor/Data/Managed'
Mono path[1] = 'C:/Program Files/Unity/Hub/Editor/2020.2.7f1/Editor/Data/MonoBleedingEdge/lib/mono/unityjit'
Mono config path = 'C:/Program Files/Unity/Hub/Editor/2020.2.7f1/Editor/Data/MonoBleedingEdge/etc'
Using monoOptions --debugger-agent=transport=dt_socket,embedding=1,server=y,suspend=n,address=127.0.0.1:56748
Begin MonoManager ReloadAssembly
Registering precompiled unity dll's ...
Register platform support module: C:/Program Files/Unity/Hub/Editor/2020.2.7f1/Editor/Data/PlaybackEngines/WindowsStandaloneSupport/UnityEditor.WindowsStandalone.Extensions.dll
Registered in 0.003696 seconds.
Native extension for WindowsStandalone target not found
Refreshing native plugins compatible for Editor in 26.61 ms, found 0 plugins.
Preloading 0 native plugins for Editor in 0.00 ms.
Invoked RoslynAnalysisRunner static constructor.
RoslynAnalysisRunner will not be running.
RoslynAnalysisRunner has terminated.
Mono: successfully reloaded assembly
- Completed reload, in  1.318 seconds
Platform modules already initialized, skipping
Registering precompiled user dll's ...
Registered in 0.000902 seconds.
Begin MonoManager ReloadAssembly
Native extension for WindowsStandalone target not found
Refreshing native plugins compatible for Editor in 0.28 ms, found 0 plugins.
Preloading 0 native plugins for Editor in 0.00 ms.
Invoked RoslynAnalysisRunner static constructor.
RoslynAnalysisRunner will not be running.
RoslynAnalysisRunner has terminated.
Mono: successfully reloaded assembly
- Completed reload, in  0.980 seconds
Platform modules already initialized, skipping
========================================================================
Worker process is ready to serve import requests
Launched and connected shader compiler UnityShaderCompiler.exe after 0.11 seconds
Refreshing native plugins compatible for Editor in 0.27 ms, found 0 plugins.
Preloading 0 native plugins for Editor in 0.00 ms.
Unloading 1261 Unused Serialized files (Serialized files now loaded: 0)
System memory in use before: 61.8 MB.
System memory in use after: 61.8 MB.

Unloading 11 unused Assets to reduce memory usage. Loaded Objects now: 1703.
Total: 1.944700 ms (FindLiveObjects: 0.200800 ms CreateObjectMapping: 0.068500 ms MarkObjects: 1.590400 ms  DeleteObjects: 0.083900 ms)

========================================================================
Received Import Request.
  path: Assets/Scenes/Fly Over
  artifactKey: Guid(5e03e61b549f11b4598d8316f63b1e84) Importer(815301076,1909f56bfc062723c751e8b465ee728b)
Start importing Assets/Scenes/Fly Over using Guid(5e03e61b549f11b4598d8316f63b1e84) Importer(815301076,1909f56bfc062723c751e8b465ee728b)  -> (artifact id: '350761e65d8a6364a83cae31bab699a2') in 0.032904 seconds
  Import took 0.035250 seconds .

========================================================================
Received Import Request.
  Time since last request: 0.696008 seconds.
  path: Assets/Scenes/Level1
  artifactKey: Guid(5e03e61b549f11b4598d8316f63b1e84) Importer(815301076,1909f56bfc062723c751e8b465ee728b)
Start importing Assets/Scenes/Level1 using Guid(5e03e61b549f11b4598d8316f63b1e84) Importer(815301076,1909f56bfc062723c751e8b465ee728b)  -> (artifact id: '1e4e1005ebc8843a1dcccff881cf84b6') in 0.009145 seconds
  Import took 0.011836 seconds .

========================================================================
Received Import Request.
  Time since last request: 24.808580 seconds.
  path: Assets/Scenes/Fly Over.unity
  artifactKey: Guid(9fc0d4010bbf28b4594072e72b8655ab) Importer(815301076,1909f56bfc062723c751e8b465ee728b)
Start importing Assets/Scenes/Fly Over.unity using Guid(9fc0d4010bbf28b4594072e72b8655ab) Importer(815301076,1909f56bfc062723c751e8b465ee728b)  -> (artifact id: '4e4203b258261cdbebc5c4ec73d55781') in 0.038088 seconds
  Import took 0.040444 seconds .

========================================================================
Received Import Request.
  Time since last request: 6.791626 seconds.
  path: Assets/Scenes/Level 1.unity
  artifactKey: Guid(9fc0d4010bbf28b4594072e72b8655ab) Importer(815301076,1909f56bfc062723c751e8b465ee728b)
Start importing Assets/Scenes/Level 1.unity using Guid(9fc0d4010bbf28b4594072e72b8655ab) Importer(815301076,1909f56bfc062723c751e8b465ee728b)  -> (artifact id: 'f311855716763208c078851bec211257') in 0.033013 seconds
  Import took 0.035860 seconds .

========================================================================
Received Import Request.
  Time since last request: 6.091358 seconds.
  path: Assets/Scenes/Level 2.unity
  artifactKey: Guid(ad2723670bf46c143821a31ea5a986ba) Importer(815301076,1909f56bfc062723c751e8b465ee728b)
Start importing Assets/Scenes/Level 2.unity using Guid(ad2723670bf46c143821a31ea5a986ba) Importer(815301076,1909f56bfc062723c751e8b465ee728b)  -> (artifact id: '4f3f93e551b56ce9e2aae34c79820bfa') in 0.037677 seconds
  Import took 0.040050 seconds .

========================================================================
Received Import Request.
  Time since last request: 16.827897 seconds.
  path: Assets/Prefabs/Obstacle_Box.prefab
  artifactKey: Guid(12e4819fb4a250e46879c210192c482b) Importer(815301076,1909f56bfc062723c751e8b465ee728b)
Start importing Assets/Prefabs/Obstacle_Box.prefab using Guid(12e4819fb4a250e46879c210192c482b) Importer(815301076,1909f56bfc062723c751e8b465ee728b)  -> (artifact id: 'a72fcdef7e33849d060a77c6fc1bfeaa') in 0.136184 seconds
  Import took 0.138920 seconds .

========================================================================
Received Import Request.
  Time since last request: 2.097667 seconds.
  path: Assets/Prefabs/Rocket.prefab
  artifactKey: Guid(d97df61ff3541af4e874b7ad9a2d570b) Importer(815301076,1909f56bfc062723c751e8b465ee728b)
Start importing Assets/Prefabs/Rocket.prefab using Guid(d97df61ff3541af4e874b7ad9a2d570b) Importer(815301076,1909f56bfc062723c751e8b465ee728b)  -> (artifact id: 'ff51044199bfd28a2c53883d4b3a279b') in 0.052735 seconds
  Import took 0.055681 seconds .

========================================================================
Received Import Request.
  Time since last request: 587.513725 seconds.
  path: Assets/Scenes/Level 1.unity
  artifactKey: Guid(9fc0d4010bbf28b4594072e72b8655ab) Importer(815301076,1909f56bfc062723c751e8b465ee728b)
Start importing Assets/Scenes/Level 1.unity using Guid(9fc0d4010bbf28b4594072e72b8655ab) Importer(815301076,1909f56bfc062723c751e8b465ee728b)  -> (artifact id: '3ec3e0fd370244024ad1ec4ad87e7951') in 0.004409 seconds
  Import took 0.007333 seconds .

========================================================================
Received Import Request.
  Time since last request: 17.082664 seconds.
  path: Assets/Prefabs/CM vcam1.prefab
  artifactKey: Guid(6afa32126f5044743ac0d75cfd7264a6) Importer(815301076,1909f56bfc062723c751e8b465ee728b)
Start importing Assets/Prefabs/CM vcam1.prefab using Guid(6afa32126f5044743ac0d75cfd7264a6) Importer(815301076,1909f56bfc062723c751e8b465ee728b)  -> (artifact id: '2fe9c5495a5cdf27cccd59a90ca04d51') in 0.045471 seconds
  Import took 0.048440 seconds .

========================================================================
Received Import Request.
  Time since last request: 0.003846 seconds.
  path: Assets/Prefabs/CM vcam1.prefab
  artifactKey: Guid(6afa32126f5044743ac0d75cfd7264a6) Importer(815301076,1909f56bfc062723c751e8b465ee728b)
Start importing Assets/Prefabs/CM vcam1.prefab using Guid(6afa32126f5044743ac0d75cfd7264a6) Importer(815301076,1909f56bfc062723c751e8b465ee728b)  -> (artifact id: '2fe9c5495a5cdf27cccd59a90ca04d51') in 0.005390 seconds
  Import took 0.008621 seconds .

========================================================================
Received Import Request.
  Time since last request: 6.300537 seconds.
  path: Assets/Prefabs/Main Camera.prefab
  artifactKey: Guid(52fa7533a5bce3c41900693748d83bd3) Importer(815301076,1909f56bfc062723c751e8b465ee728b)
Start importing Assets/Prefabs/Main Camera.prefab using Guid(52fa7533a5bce3c41900693748d83bd3) Importer(815301076,1909f56bfc062723c751e8b465ee728b)  -> (artifact id: '0c0b2b0cb33f4a3cf2a38fd7ae8ca411') in 0.043466 seconds
  Import took 0.046024 seconds .

========================================================================
Received Import Request.
  Time since last request: 4.619098 seconds.
  path: Assets/Scenes/Level 2.unity
  artifactKey: Guid(ad2723670bf46c143821a31ea5a986ba) Importer(815301076,1909f56bfc062723c751e8b465ee728b)
Start importing Assets/Scenes/Level 2.unity using Guid(ad2723670bf46c143821a31ea5a986ba) Importer(815301076,1909f56bfc062723c751e8b465ee728b)  -> (artifact id: '493abf9925abd7f7571307c794354406') in 0.004358 seconds
  Import took 0.007342 seconds .

========================================================================
Received Prepare
Registering precompiled user dll's ...
Registered in 0.000982 seconds.
Begin MonoManager ReloadAssembly
Native extension for WindowsStandalone target not found
Refreshing native plugins compatible for Editor in 0.28 ms, found 0 plugins.
Preloading 0 native plugins for Editor in 0.00 ms.
Invoked RoslynAnalysisRunner static constructor.
RoslynAnalysisRunner will not be running.
RoslynAnalysisRunner has terminated.
Mono: successfully reloaded assembly
- Completed reload, in  0.921 seconds
Platform modules already initialized, skipping
Refreshing native plugins compatible for Editor in 0.28 ms, found 0 plugins.
Preloading 0 native plugins for Editor in 0.00 ms.
Unloading 1256 Unused Serialized files (Serialized files now loaded: 0)
System memory in use before: 65.1 MB.
System memory in use after: 65.2 MB.

Unloading 6 unused Assets to reduce memory usage. Loaded Objects now: 1717.
Total: 1.806000 ms (FindLiveObjects: 0.133800 ms CreateObjectMapping: 0.040600 ms MarkObjects: 1.574700 ms  DeleteObjects: 0.056100 ms)

========================================================================
Received Import Request.
  Time since last request: 188.223089 seconds.
  path: Assets/Scenes/Level 1.unity
  artifactKey: Guid(9fc0d4010bbf28b4594072e72b8655ab) Importer(815301076,1909f56bfc062723c751e8b465ee728b)
Start importing Assets/Scenes/Level 1.unity using Guid(9fc0d4010bbf28b4594072e72b8655ab) Importer(815301076,1909f56bfc062723c751e8b465ee728b)  -> (artifact id: '8094f28c8b8f75825e9081279b207327') in 0.012939 seconds
  Import took 0.016154 seconds .

========================================================================
Received Import Request.
  Time since last request: 8.542233 seconds.
  path: Assets/Prefabs/Obstacle_Cube (1).prefab
  artifactKey: Guid(5f7576479ed67b14c940f4e01010951f) Importer(815301076,1909f56bfc062723c751e8b465ee728b)
Start importing Assets/Prefabs/Obstacle_Cube (1).prefab using Guid(5f7576479ed67b14c940f4e01010951f) Importer(815301076,1909f56bfc062723c751e8b465ee728b)  -> (artifact id: '5dc73ec2c21ce554234c756f528f579d') in 0.082123 seconds
  Import took 0.084845 seconds .

========================================================================
Received Import Request.
  Time since last request: 11.122944 seconds.
  path: Assets/Prefabs/Obstacle_Rock.prefab
  artifactKey: Guid(5f7576479ed67b14c940f4e01010951f) Importer(815301076,1909f56bfc062723c751e8b465ee728b)
Start importing Assets/Prefabs/Obstacle_Rock.prefab using Guid(5f7576479ed67b14c940f4e01010951f) Importer(815301076,1909f56bfc062723c751e8b465ee728b)  -> (artifact id: 'dcc6082f2f1ce18a347ddc94ae92c9a3') in 0.038858 seconds
  Import took 0.041537 seconds .

========================================================================
Received Import Request.
  Time since last request: 2.995355 seconds.
  path: Assets/Scenes/Level 2.unity
  artifactKey: Guid(ad2723670bf46c143821a31ea5a986ba) Importer(815301076,1909f56bfc062723c751e8b465ee728b)
Start importing Assets/Scenes/Level 2.unity using Guid(ad2723670bf46c143821a31ea5a986ba) Importer(815301076,1909f56bfc062723c751e8b465ee728b)  -> (artifact id: '78129159281301659bbb14d646bd8066') in 0.004100 seconds
  Import took 0.006630 seconds .

========================================================================
Received Import Request.
  Time since last request: 0.000436 seconds.
  path: Assets/Scenes/Level 2.unity
  artifactKey: Guid(ad2723670bf46c143821a31ea5a986ba) Importer(815301076,1909f56bfc062723c751e8b465ee728b)
Start importing Assets/Scenes/Level 2.unity using Guid(ad2723670bf46c143821a31ea5a986ba) Importer(815301076,1909f56bfc062723c751e8b465ee728b)  -> (artifact id: '78129159281301659bbb14d646bd8066') in 0.005522 seconds
  Import took 0.009157 seconds .

========================================================================
Received Prepare
Registering precompiled user dll's ...
Registered in 0.000975 seconds.
Begin MonoManager ReloadAssembly
Native extension for WindowsStandalone target not found
Refreshing native plugins compatible for Editor in 0.30 ms, found 0 plugins.
Preloading 0 native plugins for Editor in 0.00 ms.
Invoked RoslynAnalysisRunner static constructor.
RoslynAnalysisRunner will not be running.
RoslynAnalysisRunner has terminated.
Mono: successfully reloaded assembly
- Completed reload, in  0.994 seconds
Platform modules already initialized, skipping
Refreshing native plugins compatible for Editor in 0.34 ms, found 0 plugins.
Preloading 0 native plugins for Editor in 0.00 ms.
Unloading 1255 Unused Serialized files (Serialized files now loaded: 0)
System memory in use before: 65.1 MB.
System memory in use after: 65.2 MB.

Unloading 6 unused Assets to reduce memory usage. Loaded Objects now: 1721.
Total: 2.522000 ms (FindLiveObjects: 0.158900 ms CreateObjectMapping: 0.043400 ms MarkObjects: 2.242200 ms  DeleteObjects: 0.076200 ms)

========================================================================
Received Prepare
Registering precompiled user dll's ...
Registered in 0.000994 seconds.
Begin MonoManager ReloadAssembly
Native extension for WindowsStandalone target not found
Refreshing native plugins compatible for Editor in 0.30 ms, found 0 plugins.
Preloading 0 native plugins for Editor in 0.00 ms.
Invoked RoslynAnalysisRunner static constructor.
RoslynAnalysisRunner will not be running.
RoslynAnalysisRunner has terminated.
Mono: successfully reloaded assembly
- Completed reload, in  0.970 seconds
Platform modules already initialized, skipping
Refreshing native plugins compatible for Editor in 0.29 ms, found 0 plugins.
Preloading 0 native plugins for Editor in 0.00 ms.
Unloading 1255 Unused Serialized files (Serialized files now loaded: 0)
System memory in use before: 65.1 MB.
System memory in use after: 65.2 MB.

Unloading 6 unused Assets to reduce memory usage. Loaded Objects now: 1724.
Total: 1.906700 ms (FindLiveObjects: 0.159100 ms CreateObjectMapping: 0.043800 ms MarkObjects: 1.637300 ms  DeleteObjects: 0.065400 ms)

========================================================================
Received Import Request.
  Time since last request: 725.465091 seconds.
  path: Assets/Scenes/Level 1.unity
  artifactKey: Guid(9fc0d4010bbf28b4594072e72b8655ab) Importer(815301076,1909f56bfc062723c751e8b465ee728b)
Start importing Assets/Scenes/Level 1.unity using Guid(9fc0d4010bbf28b4594072e72b8655ab) Importer(815301076,1909f56bfc062723c751e8b465ee728b)  -> (artifact id: '5623e9a4b62b9a3a1c65c60c5662aed0') in 0.012266 seconds
  Import took 0.014916 seconds .

========================================================================
Received Import Request.
  Time since last request: 0.001576 seconds.
  path: Assets/Scenes/Level 1.unity
  artifactKey: Guid(9fc0d4010bbf28b4594072e72b8655ab) Importer(815301076,1909f56bfc062723c751e8b465ee728b)
Start importing Assets/Scenes/Level 1.unity using Guid(9fc0d4010bbf28b4594072e72b8655ab) Importer(815301076,1909f56bfc062723c751e8b465ee728b)  -> (artifact id: '5623e9a4b62b9a3a1c65c60c5662aed0') in 0.003902 seconds
  Import took 0.006628 seconds .

========================================================================
Received Import Request.
  Time since last request: 88.849272 seconds.
  path: Assets/Scenes/Level 2.unity
  artifactKey: Guid(ad2723670bf46c143821a31ea5a986ba) Importer(815301076,1909f56bfc062723c751e8b465ee728b)
Start importing Assets/Scenes/Level 2.unity using Guid(ad2723670bf46c143821a31ea5a986ba) Importer(815301076,1909f56bfc062723c751e8b465ee728b)  -> (artifact id: '0b8b89ddadf65d76f9084c646349a350') in 0.004237 seconds
  Import took 0.006920 seconds .

========================================================================
Received Prepare
Registering precompiled user dll's ...
Registered in 0.000991 seconds.
Begin MonoManager ReloadAssembly
Native extension for WindowsStandalone target not found
Refreshing native plugins compatible for Editor in 0.34 ms, found 0 plugins.
Preloading 0 native plugins for Editor in 0.00 ms.
Invoked RoslynAnalysisRunner static constructor.
RoslynAnalysisRunner will not be running.
RoslynAnalysisRunner has terminated.
Mono: successfully reloaded assembly
- Completed reload, in  0.925 seconds
Platform modules already initialized, skipping
Refreshing native plugins compatible for Editor in 0.34 ms, found 0 plugins.
Preloading 0 native plugins for Editor in 0.00 ms.
Unloading 1255 Unused Serialized files (Serialized files now loaded: 0)
System memory in use before: 65.1 MB.
System memory in use after: 65.2 MB.

Unloading 6 unused Assets to reduce memory usage. Loaded Objects now: 1727.
Total: 1.814400 ms (FindLiveObjects: 0.200300 ms CreateObjectMapping: 0.042900 ms MarkObjects: 1.515000 ms  DeleteObjects: 0.055000 ms)

========================================================================
Received Prepare
Registering precompiled user dll's ...
Registered in 0.000912 seconds.
Begin MonoManager ReloadAssembly
Native extension for WindowsStandalone target not found
Refreshing native plugins compatible for Editor in 0.29 ms, found 0 plugins.
Preloading 0 native plugins for Editor in 0.00 ms.
Invoked RoslynAnalysisRunner static constructor.
RoslynAnalysisRunner will not be running.
RoslynAnalysisRunner has terminated.
Mono: successfully reloaded assembly
- Completed reload, in  0.919 seconds
Platform modules already initialized, skipping
Refreshing native plugins compatible for Editor in 0.30 ms, found 0 plugins.
Preloading 0 native plugins for Editor in 0.00 ms.
Unloading 1255 Unused Serialized files (Serialized files now loaded: 0)
System memory in use before: 65.1 MB.
System memory in use after: 65.2 MB.

Unloading 6 unused Assets to reduce memory usage. Loaded Objects now: 1730.
Total: 1.966300 ms (FindLiveObjects: 0.265600 ms CreateObjectMapping: 0.067000 ms MarkObjects: 1.573200 ms  DeleteObjects: 0.058700 ms)

========================================================================
Received Prepare
Registering precompiled user dll's ...
Registered in 0.001006 seconds.
Begin MonoManager ReloadAssembly
Native extension for WindowsStandalone target not found
Refreshing native plugins compatible for Editor in 0.29 ms, found 0 plugins.
Preloading 0 native plugins for Editor in 0.00 ms.
Invoked RoslynAnalysisRunner static constructor.
RoslynAnalysisRunner will not be running.
RoslynAnalysisRunner has terminated.
Mono: successfully reloaded assembly
- Completed reload, in  0.908 seconds
Platform modules already initialized, skipping
Refreshing native plugins compatible for Editor in 0.30 ms, found 0 plugins.
Preloading 0 native plugins for Editor in 0.00 ms.
Unloading 1255 Unused Serialized files (Serialized files now loaded: 0)
System memory in use before: 65.1 MB.
System memory in use after: 65.2 MB.

Unloading 6 unused Assets to reduce memory usage. Loaded Objects now: 1733.
Total: 1.881100 ms (FindLiveObjects: 0.151900 ms CreateObjectMapping: 0.045800 ms MarkObjects: 1.620900 ms  DeleteObjects: 0.061500 ms)

========================================================================
Received Prepare
Refreshing native plugins compatible for Editor in 1.03 ms, found 0 plugins.
Preloading 0 native plugins for Editor in 0.00 ms.
Unloading 3 Unused Serialized files (Serialized files now loaded: 0)
System memory in use before: 40.2 MB.
System memory in use after: 40.3 MB.

Unloading 3 unused Assets to reduce memory usage. Loaded Objects now: 1733.
Total: 2.406900 ms (FindLiveObjects: 0.174800 ms CreateObjectMapping: 0.042200 ms MarkObjects: 2.119900 ms  DeleteObjects: 0.068200 ms)

========================================================================
Received Prepare
Registering precompiled user dll's ...
Registered in 0.000931 seconds.
Begin MonoManager ReloadAssembly
Native extension for WindowsStandalone target not found
Refreshing native plugins compatible for Editor in 0.30 ms, found 0 plugins.
Preloading 0 native plugins for Editor in 0.00 ms.
Invoked RoslynAnalysisRunner static constructor.
RoslynAnalysisRunner will not be running.
RoslynAnalysisRunner has terminated.
Mono: successfully reloaded assembly
- Completed reload, in  0.929 seconds
Platform modules already initialized, skipping
Refreshing native plugins compatible for Editor in 0.28 ms, found 0 plugins.
Preloading 0 native plugins for Editor in 0.00 ms.
Unloading 1255 Unused Serialized files (Serialized files now loaded: 0)
System memory in use before: 65.3 MB.
System memory in use after: 65.3 MB.

Unloading 6 unused Assets to reduce memory usage. Loaded Objects now: 1736.
Total: 2.014300 ms (FindLiveObjects: 0.250400 ms CreateObjectMapping: 0.064500 ms MarkObjects: 1.632200 ms  DeleteObjects: 0.065600 ms)

========================================================================
Received Prepare
Refreshing native plugins compatible for Editor in 1.01 ms, found 0 plugins.
Preloading 0 native plugins for Editor in 0.00 ms.
Unloading 3 Unused Serialized files (Serialized files now loaded: 0)
System memory in use before: 40.4 MB.
System memory in use after: 40.4 MB.

Unloading 3 unused Assets to reduce memory usage. Loaded Objects now: 1736.
Total: 2.081500 ms (FindLiveObjects: 0.146300 ms CreateObjectMapping: 0.040900 ms MarkObjects: 1.837800 ms  DeleteObjects: 0.055500 ms)

========================================================================
Received Prepare
Registering precompiled user dll's ...
Registered in 0.001036 seconds.
Begin MonoManager ReloadAssembly
Native extension for WindowsStandalone target not found
Refreshing native plugins compatible for Editor in 0.29 ms, found 0 plugins.
Preloading 0 native plugins for Editor in 0.00 ms.
Invoked RoslynAnalysisRunner static constructor.
RoslynAnalysisRunner will not be running.
RoslynAnalysisRunner has terminated.
Mono: successfully reloaded assembly
- Completed reload, in  0.938 seconds
Platform modules already initialized, skipping
Refreshing native plugins compatible for Editor in 0.28 ms, found 0 plugins.
Preloading 0 native plugins for Editor in 0.00 ms.
Unloading 1255 Unused Serialized files (Serialized files now loaded: 0)
System memory in use before: 65.3 MB.
System memory in use after: 65.3 MB.

Unloading 6 unused Assets to reduce memory usage. Loaded Objects now: 1739.
Total: 1.824500 ms (FindLiveObjects: 0.152100 ms CreateObjectMapping: 0.041300 ms MarkObjects: 1.568400 ms  DeleteObjects: 0.061200 ms)

========================================================================
Received Prepare
Registering precompiled user dll's ...
Registered in 0.001016 seconds.
Begin MonoManager ReloadAssembly
Native extension for WindowsStandalone target not found
Refreshing native plugins compatible for Editor in 0.30 ms, found 0 plugins.
Preloading 0 native plugins for Editor in 0.00 ms.
Invoked RoslynAnalysisRunner static constructor.
RoslynAnalysisRunner will not be running.
RoslynAnalysisRunner has terminated.
Mono: successfully reloaded assembly
- Completed reload, in  0.915 seconds
Platform modules already initialized, skipping
Refreshing native plugins compatible for Editor in 0.29 ms, found 0 plugins.
Preloading 0 native plugins for Editor in 0.00 ms.
Unloading 1255 Unused Serialized files (Serialized files now loaded: 0)
System memory in use before: 65.3 MB.
System memory in use after: 65.3 MB.

Unloading 6 unused Assets to reduce memory usage. Loaded Objects now: 1742.
Total: 1.835600 ms (FindLiveObjects: 0.167600 ms CreateObjectMapping: 0.042300 ms MarkObjects: 1.563100 ms  DeleteObjects: 0.061400 ms)

========================================================================
Received Prepare
Registering precompiled user dll's ...
Registered in 0.001409 seconds.
Begin MonoManager ReloadAssembly
Native extension for WindowsStandalone target not found
Refreshing native plugins compatible for Editor in 0.29 ms, found 0 plugins.
Preloading 0 native plugins for Editor in 0.00 ms.
Invoked RoslynAnalysisRunner static constructor.
RoslynAnalysisRunner will not be running.
RoslynAnalysisRunner has terminated.
Mono: successfully reloaded assembly
- Completed reload, in  0.922 seconds
Platform modules already initialized, skipping
Refreshing native plugins compatible for Editor in 0.33 ms, found 0 plugins.
Preloading 0 native plugins for Editor in 0.00 ms.
Unloading 1255 Unused Serialized files (Serialized files now loaded: 0)
System memory in use before: 65.3 MB.
System memory in use after: 65.3 MB.

Unloading 6 unused Assets to reduce memory usage. Loaded Objects now: 1745.
Total: 1.874700 ms (FindLiveObjects: 0.147300 ms CreateObjectMapping: 0.040000 ms MarkObjects: 1.626000 ms  DeleteObjects: 0.060500 ms)

========================================================================
Received Prepare
Registering precompiled user dll's ...
Registered in 0.000935 seconds.
Begin MonoManager ReloadAssembly
Native extension for WindowsStandalone target not found
Refreshing native plugins compatible for Editor in 0.28 ms, found 0 plugins.
Preloading 0 native plugins for Editor in 0.00 ms.
Invoked RoslynAnalysisRunner static constructor.
RoslynAnalysisRunner will not be running.
RoslynAnalysisRunner has terminated.
Mono: successfully reloaded assembly
- Completed reload, in  0.928 seconds
Platform modules already initialized, skipping
Refreshing native plugins compatible for Editor in 0.27 ms, found 0 plugins.
Preloading 0 native plugins for Editor in 0.00 ms.
Unloading 1255 Unused Serialized files (Serialized files now loaded: 0)
System memory in use before: 65.3 MB.
System memory in use after: 65.3 MB.

Unloading 6 unused Assets to reduce memory usage. Loaded Objects now: 1748.
Total: 1.853700 ms (FindLiveObjects: 0.153300 ms CreateObjectMapping: 0.041200 ms MarkObjects: 1.589300 ms  DeleteObjects: 0.068900 ms)

========================================================================
Received Prepare
Registering precompiled user dll's ...
Registered in 0.001046 seconds.
Begin MonoManager ReloadAssembly
Native extension for WindowsStandalone target not found
Refreshing native plugins compatible for Editor in 0.28 ms, found 0 plugins.
Preloading 0 native plugins for Editor in 0.00 ms.
Invoked RoslynAnalysisRunner static constructor.
RoslynAnalysisRunner will not be running.
RoslynAnalysisRunner has terminated.
Mono: successfully reloaded assembly
- Completed reload, in  1.110 seconds
Platform modules already initialized, skipping
Refreshing native plugins compatible for Editor in 0.28 ms, found 0 plugins.
Preloading 0 native plugins for Editor in 0.00 ms.
Unloading 1255 Unused Serialized files (Serialized files now loaded: 0)
System memory in use before: 65.3 MB.
System memory in use after: 65.3 MB.

Unloading 6 unused Assets to reduce memory usage. Loaded Objects now: 1751.
Total: 2.490500 ms (FindLiveObjects: 0.254800 ms CreateObjectMapping: 0.104500 ms MarkObjects: 2.072200 ms  DeleteObjects: 0.057700 ms)

========================================================================
Received Prepare
Registering precompiled user dll's ...
Registered in 0.000994 seconds.
Begin MonoManager ReloadAssembly
Native extension for WindowsStandalone target not found
Refreshing native plugins compatible for Editor in 0.30 ms, found 0 plugins.
Preloading 0 native plugins for Editor in 0.00 ms.
Invoked RoslynAnalysisRunner static constructor.
RoslynAnalysisRunner will not be running.
RoslynAnalysisRunner has terminated.
Mono: successfully reloaded assembly
- Completed reload, in  1.094 seconds
Platform modules already initialized, skipping
Refreshing native plugins compatible for Editor in 0.41 ms, found 0 plugins.
Preloading 0 native plugins for Editor in 0.00 ms.
Unloading 1255 Unused Serialized files (Serialized files now loaded: 0)
System memory in use before: 65.3 MB.
System memory in use after: 65.4 MB.

Unloading 6 unused Assets to reduce memory usage. Loaded Objects now: 1754.
Total: 2.510000 ms (FindLiveObjects: 0.223500 ms CreateObjectMapping: 0.048000 ms MarkObjects: 2.178300 ms  DeleteObjects: 0.058700 ms)

========================================================================
Received Import Request.
  Time since last request: 1947.864531 seconds.
  path: Assets/Scenes/Level 2.unity
  artifactKey: Guid(ad2723670bf46c143821a31ea5a986ba) Importer(815301076,1909f56bfc062723c751e8b465ee728b)
Start importing Assets/Scenes/Level 2.unity using Guid(ad2723670bf46c143821a31ea5a986ba) Importer(815301076,1909f56bfc062723c751e8b465ee728b)  -> (artifact id: '503418b3d29853a275f789099615971a') in 0.039544 seconds
  Import took 0.042025 seconds .

========================================================================
Received Import Request.
  Time since last request: 0.987010 seconds.
  path: Assets/Scenes/Level 3.unity
  artifactKey: Guid(4981804acc9c6af4488a9f3b6eb1cbb7) Importer(815301076,1909f56bfc062723c751e8b465ee728b)
Start importing Assets/Scenes/Level 3.unity using Guid(4981804acc9c6af4488a9f3b6eb1cbb7) Importer(815301076,1909f56bfc062723c751e8b465ee728b)  -> (artifact id: '31d96a6575db7825c27c9a0baea19ec1') in 0.031450 seconds
  Import took 0.033868 seconds .

========================================================================
Received Import Request.
  Time since last request: 4.346387 seconds.
  path: Assets/Scenes/Level 2_dark.unity
  artifactKey: Guid(4981804acc9c6af4488a9f3b6eb1cbb7) Importer(815301076,1909f56bfc062723c751e8b465ee728b)
Start importing Assets/Scenes/Level 2_dark.unity using Guid(4981804acc9c6af4488a9f3b6eb1cbb7) Importer(815301076,1909f56bfc062723c751e8b465ee728b)  -> (artifact id: '3b9fe765934bff322641c467315a197c') in 0.031629 seconds
  Import took 0.034106 seconds .

========================================================================
Received Prepare
Registering precompiled user dll's ...
Registered in 0.001028 seconds.
Begin MonoManager ReloadAssembly
Native extension for WindowsStandalone target not found
Refreshing native plugins compatible for Editor in 0.30 ms, found 0 plugins.
Preloading 0 native plugins for Editor in 0.00 ms.
Invoked RoslynAnalysisRunner static constructor.
RoslynAnalysisRunner will not be running.
RoslynAnalysisRunner has terminated.
Mono: successfully reloaded assembly
- Completed reload, in  0.954 seconds
Platform modules already initialized, skipping
Refreshing native plugins compatible for Editor in 0.28 ms, found 0 plugins.
Preloading 0 native plugins for Editor in 0.00 ms.
Unloading 1255 Unused Serialized files (Serialized files now loaded: 0)
System memory in use before: 65.3 MB.
System memory in use after: 65.4 MB.

Unloading 6 unused Assets to reduce memory usage. Loaded Objects now: 1757.
Total: 1.874000 ms (FindLiveObjects: 0.151500 ms CreateObjectMapping: 0.041300 ms MarkObjects: 1.624900 ms  DeleteObjects: 0.055300 ms)

========================================================================
Received Prepare
Registering precompiled user dll's ...
Registered in 0.001047 seconds.
Begin MonoManager ReloadAssembly
Native extension for WindowsStandalone target not found
Refreshing native plugins compatible for Editor in 0.31 ms, found 0 plugins.
Preloading 0 native plugins for Editor in 0.00 ms.
Invoked RoslynAnalysisRunner static constructor.
RoslynAnalysisRunner will not be running.
RoslynAnalysisRunner has terminated.
Mono: successfully reloaded assembly
- Completed reload, in  0.902 seconds
Platform modules already initialized, skipping
Refreshing native plugins compatible for Editor in 0.30 ms, found 0 plugins.
Preloading 0 native plugins for Editor in 0.00 ms.
Unloading 1255 Unused Serialized files (Serialized files now loaded: 0)
System memory in use before: 65.3 MB.
System memory in use after: 65.4 MB.

Unloading 6 unused Assets to reduce memory usage. Loaded Objects now: 1760.
Total: 1.859800 ms (FindLiveObjects: 0.155800 ms CreateObjectMapping: 0.041200 ms MarkObjects: 1.603600 ms  DeleteObjects: 0.057800 ms)

========================================================================
Received Import Request.
  Time since last request: 162.138576 seconds.
  path: Assets/Prefabs/Rocket_Dark.prefab
  artifactKey: Guid(7676e6969ca73d44ab708162654efdc1) Importer(815301076,1909f56bfc062723c751e8b465ee728b)
Start importing Assets/Prefabs/Rocket_Dark.prefab using Guid(7676e6969ca73d44ab708162654efdc1) Importer(815301076,1909f56bfc062723c751e8b465ee728b)  -> (artifact id: 'cea47be720a78d94ad593a9c84888e5f') in 0.109368 seconds
  Import took 0.113546 seconds .

========================================================================
Received Prepare
Registering precompiled user dll's ...
Registered in 0.001570 seconds.
Begin MonoManager ReloadAssembly
Native extension for WindowsStandalone target not found
Refreshing native plugins compatible for Editor in 0.32 ms, found 0 plugins.
Preloading 0 native plugins for Editor in 0.00 ms.
Invoked RoslynAnalysisRunner static constructor.
RoslynAnalysisRunner will not be running.
RoslynAnalysisRunner has terminated.
Mono: successfully reloaded assembly
- Completed reload, in  0.906 seconds
Platform modules already initialized, skipping
Refreshing native plugins compatible for Editor in 0.31 ms, found 0 plugins.
Preloading 0 native plugins for Editor in 0.00 ms.
Unloading 1255 Unused Serialized files (Serialized files now loaded: 0)
System memory in use before: 65.3 MB.
System memory in use after: 65.4 MB.

Unloading 6 unused Assets to reduce memory usage. Loaded Objects now: 1764.
Total: 2.172400 ms (FindLiveObjects: 0.242400 ms CreateObjectMapping: 0.045200 ms MarkObjects: 1.824400 ms  DeleteObjects: 0.059100 ms)

========================================================================
Received Import Request.
  Time since last request: 41.619354 seconds.
  path: Assets/Scenes/Level 1_dark.unity
  artifactKey: Guid(3b5965262440c6641b40a5bde859d76c) Importer(815301076,1909f56bfc062723c751e8b465ee728b)
Start importing Assets/Scenes/Level 1_dark.unity using Guid(3b5965262440c6641b40a5bde859d76c) Importer(815301076,1909f56bfc062723c751e8b465ee728b)  -> (artifact id: 'ef8e02379d543ee997fbdbfc4809668b') in 0.040917 seconds
  Import took 0.043780 seconds .

========================================================================
Received Import Request.
  Time since last request: 42.978595 seconds.
  path: Assets/Prefabs/Rocket.prefab
  artifactKey: Guid(d97df61ff3541af4e874b7ad9a2d570b) Importer(815301076,1909f56bfc062723c751e8b465ee728b)
Start importing Assets/Prefabs/Rocket.prefab using Guid(d97df61ff3541af4e874b7ad9a2d570b) Importer(815301076,1909f56bfc062723c751e8b465ee728b)  -> (artifact id: '2996be3e0ce6209d5c4978600cc601fd') in 0.084411 seconds
  Import took 0.087464 seconds .

========================================================================
Received Import Request.
  Time since last request: 5.045272 seconds.
  path: Assets/Scenes/Level 1.unity
  artifactKey: Guid(9fc0d4010bbf28b4594072e72b8655ab) Importer(815301076,1909f56bfc062723c751e8b465ee728b)
Start importing Assets/Scenes/Level 1.unity using Guid(9fc0d4010bbf28b4594072e72b8655ab) Importer(815301076,1909f56bfc062723c751e8b465ee728b)  -> (artifact id: '5248ca9152548ca2f3ae7260a4bb2d2c') in 0.031241 seconds
  Import took 0.033705 seconds .

========================================================================
Received Import Request.
  Time since last request: 92.504658 seconds.
  path: Assets/Scenes/Level 1_dark.unity
  artifactKey: Guid(3b5965262440c6641b40a5bde859d76c) Importer(815301076,1909f56bfc062723c751e8b465ee728b)
Start importing Assets/Scenes/Level 1_dark.unity using Guid(3b5965262440c6641b40a5bde859d76c) Importer(815301076,1909f56bfc062723c751e8b465ee728b)  -> (artifact id: '83a5e69f11070782793c18eeb9cb9ab6') in 0.004458 seconds
  Import took 0.006967 seconds .

========================================================================
Received Import Request.
  Time since last request: 0.001676 seconds.
  path: Assets/Scenes/Level 1_dark.unity
  artifactKey: Guid(3b5965262440c6641b40a5bde859d76c) Importer(815301076,1909f56bfc062723c751e8b465ee728b)
Start importing Assets/Scenes/Level 1_dark.unity using Guid(3b5965262440c6641b40a5bde859d76c) Importer(815301076,1909f56bfc062723c751e8b465ee728b)  -> (artifact id: '83a5e69f11070782793c18eeb9cb9ab6') in 0.004236 seconds
  Import took 0.006452 seconds .

========================================================================
Received Prepare
Registering precompiled user dll's ...
Registered in 0.000949 seconds.
Begin MonoManager ReloadAssembly
Native extension for WindowsStandalone target not found
Refreshing native plugins compatible for Editor in 0.27 ms, found 0 plugins.
Preloading 0 native plugins for Editor in 0.00 ms.
Invoked RoslynAnalysisRunner static constructor.
RoslynAnalysisRunner will not be running.
RoslynAnalysisRunner has terminated.
Mono: successfully reloaded assembly
- Completed reload, in  0.911 seconds
Platform modules already initialized, skipping
Refreshing native plugins compatible for Editor in 0.29 ms, found 0 plugins.
Preloading 0 native plugins for Editor in 0.00 ms.
Unloading 1255 Unused Serialized files (Serialized files now loaded: 0)
System memory in use before: 65.4 MB.
System memory in use after: 65.4 MB.

Unloading 6 unused Assets to reduce memory usage. Loaded Objects now: 1768.
Total: 1.947700 ms (FindLiveObjects: 0.246800 ms CreateObjectMapping: 0.068700 ms MarkObjects: 1.574300 ms  DeleteObjects: 0.056300 ms)

========================================================================
Received Prepare
Registering precompiled user dll's ...
Registered in 0.000952 seconds.
Begin MonoManager ReloadAssembly
Native extension for WindowsStandalone target not found
Refreshing native plugins compatible for Editor in 0.28 ms, found 0 plugins.
Preloading 0 native plugins for Editor in 0.00 ms.
Invoked RoslynAnalysisRunner static constructor.
RoslynAnalysisRunner will not be running.
RoslynAnalysisRunner has terminated.
Mono: successfully reloaded assembly
- Completed reload, in  0.965 seconds
Platform modules already initialized, skipping
Refreshing native plugins compatible for Editor in 0.38 ms, found 0 plugins.
Preloading 0 native plugins for Editor in 0.00 ms.
Unloading 1255 Unused Serialized files (Serialized files now loaded: 0)
System memory in use before: 65.4 MB.
System memory in use after: 65.4 MB.

Unloading 6 unused Assets to reduce memory usage. Loaded Objects now: 1771.
Total: 3.375200 ms (FindLiveObjects: 0.278500 ms CreateObjectMapping: 0.071900 ms MarkObjects: 2.936200 ms  DeleteObjects: 0.086800 ms)

========================================================================
Received Import Request.
  Time since last request: 197.010906 seconds.
  path: Assets/Scrips/Oscillator.cs
  artifactKey: Guid(8c30c47df15c4db47a79809a97775db7) Importer(815301076,1909f56bfc062723c751e8b465ee728b)
Start importing Assets/Scrips/Oscillator.cs using Guid(8c30c47df15c4db47a79809a97775db7) Importer(815301076,1909f56bfc062723c751e8b465ee728b)  -> (artifact id: '1ca2ef78b28235bab022f293075ec482') in 0.041603 seconds
  Import took 0.045362 seconds .

========================================================================
Received Prepare
Registering precompiled user dll's ...
Registered in 0.001294 seconds.
Begin MonoManager ReloadAssembly
Native extension for WindowsStandalone target not found
Refreshing native plugins compatible for Editor in 0.30 ms, found 0 plugins.
Preloading 0 native plugins for Editor in 0.00 ms.
Invoked RoslynAnalysisRunner static constructor.
RoslynAnalysisRunner will not be running.
RoslynAnalysisRunner has terminated.
Mono: successfully reloaded assembly
- Completed reload, in  1.000 seconds
Platform modules already initialized, skipping
Refreshing native plugins compatible for Editor in 0.28 ms, found 0 plugins.
Preloading 0 native plugins for Editor in 0.00 ms.
Unloading 1256 Unused Serialized files (Serialized files now loaded: 0)
System memory in use before: 65.4 MB.
System memory in use after: 65.5 MB.

Unloading 6 unused Assets to reduce memory usage. Loaded Objects now: 1775.
Total: 1.933000 ms (FindLiveObjects: 0.161700 ms CreateObjectMapping: 0.043400 ms MarkObjects: 1.667700 ms  DeleteObjects: 0.059200 ms)

========================================================================
Received Prepare
Registering precompiled user dll's ...
Registered in 0.000883 seconds.
Begin MonoManager ReloadAssembly
Native extension for WindowsStandalone target not found
Refreshing native plugins compatible for Editor in 0.30 ms, found 0 plugins.
Preloading 0 native plugins for Editor in 0.00 ms.
Invoked RoslynAnalysisRunner static constructor.
RoslynAnalysisRunner will not be running.
RoslynAnalysisRunner has terminated.
Mono: successfully reloaded assembly
- Completed reload, in  0.910 seconds
Platform modules already initialized, skipping
Refreshing native plugins compatible for Editor in 0.30 ms, found 0 plugins.
Preloading 0 native plugins for Editor in 0.00 ms.
Unloading 1256 Unused Serialized files (Serialized files now loaded: 0)
System memory in use before: 65.4 MB.
System memory in use after: 65.5 MB.

Unloading 6 unused Assets to reduce memory usage. Loaded Objects now: 1778.
Total: 1.917200 ms (FindLiveObjects: 0.154100 ms CreateObjectMapping: 0.042000 ms MarkObjects: 1.652200 ms  DeleteObjects: 0.068000 ms)

========================================================================
Received Import Request.
  Time since last request: 319.177435 seconds.
  path: Assets/Scrips/Oscillator.cs
  artifactKey: Guid(8c30c47df15c4db47a79809a97775db7) Importer(815301076,1909f56bfc062723c751e8b465ee728b)
Start importing Assets/Scrips/Oscillator.cs using Guid(8c30c47df15c4db47a79809a97775db7) Importer(815301076,1909f56bfc062723c751e8b465ee728b)  -> (artifact id: '5e39ed329ff15315fdac81b40949ee24') in 0.006484 seconds
  Import took 0.009071 seconds .

========================================================================
Received Prepare
Registering precompiled user dll's ...
Registered in 0.001439 seconds.
Begin MonoManager ReloadAssembly
Native extension for WindowsStandalone target not found
Refreshing native plugins compatible for Editor in 0.38 ms, found 0 plugins.
Preloading 0 native plugins for Editor in 0.00 ms.
Invoked RoslynAnalysisRunner static constructor.
RoslynAnalysisRunner will not be running.
RoslynAnalysisRunner has terminated.
Mono: successfully reloaded assembly
- Completed reload, in  1.012 seconds
Platform modules already initialized, skipping
Refreshing native plugins compatible for Editor in 0.29 ms, found 0 plugins.
Preloading 0 native plugins for Editor in 0.00 ms.
Unloading 1256 Unused Serialized files (Serialized files now loaded: 0)
System memory in use before: 65.4 MB.
System memory in use after: 65.5 MB.

Unloading 6 unused Assets to reduce memory usage. Loaded Objects now: 1781.
Total: 1.975600 ms (FindLiveObjects: 0.157400 ms CreateObjectMapping: 0.054500 ms MarkObjects: 1.694600 ms  DeleteObjects: 0.068000 ms)

========================================================================
Received Prepare
Registering precompiled user dll's ...
Registered in 0.001091 seconds.
Begin MonoManager ReloadAssembly
Native extension for WindowsStandalone target not found
Refreshing native plugins compatible for Editor in 0.28 ms, found 0 plugins.
Preloading 0 native plugins for Editor in 0.00 ms.
Invoked RoslynAnalysisRunner static constructor.
RoslynAnalysisRunner will not be running.
RoslynAnalysisRunner has terminated.
Mono: successfully reloaded assembly
- Completed reload, in  0.960 seconds
Platform modules already initialized, skipping
Refreshing native plugins compatible for Editor in 0.29 ms, found 0 plugins.
Preloading 0 native plugins for Editor in 0.00 ms.
Unloading 1256 Unused Serialized files (Serialized files now loaded: 0)
System memory in use before: 65.4 MB.
System memory in use after: 65.5 MB.

Unloading 6 unused Assets to reduce memory usage. Loaded Objects now: 1784.
Total: 1.968700 ms (FindLiveObjects: 0.232900 ms CreateObjectMapping: 0.046600 ms MarkObjects: 1.625700 ms  DeleteObjects: 0.062400 ms)

========================================================================
Received Prepare
Registering precompiled user dll's ...
Registered in 0.001056 seconds.
Begin MonoManager ReloadAssembly
Native extension for WindowsStandalone target not found
Refreshing native plugins compatible for Editor in 0.29 ms, found 0 plugins.
Preloading 0 native plugins for Editor in 0.00 ms.
Invoked RoslynAnalysisRunner static constructor.
RoslynAnalysisRunner will not be running.
RoslynAnalysisRunner has terminated.
Mono: successfully reloaded assembly
- Completed reload, in  0.988 seconds
Platform modules already initialized, skipping
Refreshing native plugins compatible for Editor in 0.27 ms, found 0 plugins.
Preloading 0 native plugins for Editor in 0.00 ms.
Unloading 1256 Unused Serialized files (Serialized files now loaded: 0)
System memory in use before: 65.4 MB.
System memory in use after: 65.5 MB.

Unloading 6 unused Assets to reduce memory usage. Loaded Objects now: 1787.
Total: 2.578900 ms (FindLiveObjects: 0.152500 ms CreateObjectMapping: 0.043900 ms MarkObjects: 2.295200 ms  DeleteObjects: 0.085800 ms)

========================================================================
Received Prepare
Registering precompiled user dll's ...
Registered in 0.000993 seconds.
Begin MonoManager ReloadAssembly
Native extension for WindowsStandalone target not found
Refreshing native plugins compatible for Editor in 0.31 ms, found 0 plugins.
Preloading 0 native plugins for Editor in 0.00 ms.
Invoked RoslynAnalysisRunner static constructor.
RoslynAnalysisRunner will not be running.
RoslynAnalysisRunner has terminated.
Mono: successfully reloaded assembly
- Completed reload, in  0.922 seconds
Platform modules already initialized, skipping
Refreshing native plugins compatible for Editor in 0.29 ms, found 0 plugins.
Preloading 0 native plugins for Editor in 0.00 ms.
Unloading 1256 Unused Serialized files (Serialized files now loaded: 0)
System memory in use before: 65.4 MB.
System memory in use after: 65.5 MB.

Unloading 6 unused Assets to reduce memory usage. Loaded Objects now: 1790.
Total: 2.051700 ms (FindLiveObjects: 0.202800 ms CreateObjectMapping: 0.044400 ms MarkObjects: 1.742800 ms  DeleteObjects: 0.060200 ms)

========================================================================
Received Prepare
Registering precompiled user dll's ...
Registered in 0.000853 seconds.
Begin MonoManager ReloadAssembly
Native extension for WindowsStandalone target not found
Refreshing native plugins compatible for Editor in 0.28 ms, found 0 plugins.
Preloading 0 native plugins for Editor in 0.00 ms.
Invoked RoslynAnalysisRunner static constructor.
RoslynAnalysisRunner will not be running.
RoslynAnalysisRunner has terminated.
Mono: successfully reloaded assembly
- Completed reload, in  0.910 seconds
Platform modules already initialized, skipping
Refreshing native plugins compatible for Editor in 0.27 ms, found 0 plugins.
Preloading 0 native plugins for Editor in 0.00 ms.
Unloading 1256 Unused Serialized files (Serialized files now loaded: 0)
System memory in use before: 65.4 MB.
System memory in use after: 65.5 MB.

Unloading 6 unused Assets to reduce memory usage. Loaded Objects now: 1793.
Total: 1.817400 ms (FindLiveObjects: 0.163000 ms CreateObjectMapping: 0.042000 ms MarkObjects: 1.555800 ms  DeleteObjects: 0.055600 ms)

========================================================================
Received Prepare
Registering precompiled user dll's ...
Registered in 0.000991 seconds.
Begin MonoManager ReloadAssembly
Native extension for WindowsStandalone target not found
Refreshing native plugins compatible for Editor in 0.29 ms, found 0 plugins.
Preloading 0 native plugins for Editor in 0.00 ms.
Invoked RoslynAnalysisRunner static constructor.
RoslynAnalysisRunner will not be running.
RoslynAnalysisRunner has terminated.
Mono: successfully reloaded assembly
- Completed reload, in  0.954 seconds
Platform modules already initialized, skipping
Refreshing native plugins compatible for Editor in 0.27 ms, found 0 plugins.
Preloading 0 native plugins for Editor in 0.00 ms.
Unloading 1256 Unused Serialized files (Serialized files now loaded: 0)
System memory in use before: 65.4 MB.
System memory in use after: 65.5 MB.

Unloading 6 unused Assets to reduce memory usage. Loaded Objects now: 1796.
Total: 2.088000 ms (FindLiveObjects: 0.193500 ms CreateObjectMapping: 0.052700 ms MarkObjects: 1.764200 ms  DeleteObjects: 0.076600 ms)

========================================================================
Received Prepare
Registering precompiled user dll's ...
Registered in 0.000892 seconds.
Begin MonoManager ReloadAssembly
Native extension for WindowsStandalone target not found
Refreshing native plugins compatible for Editor in 0.29 ms, found 0 plugins.
Preloading 0 native plugins for Editor in 0.00 ms.
Invoked RoslynAnalysisRunner static constructor.
RoslynAnalysisRunner will not be running.
RoslynAnalysisRunner has terminated.
Mono: successfully reloaded assembly
- Completed reload, in  0.919 seconds
Platform modules already initialized, skipping
Refreshing native plugins compatible for Editor in 0.29 ms, found 0 plugins.
Preloading 0 native plugins for Editor in 0.00 ms.
Unloading 1256 Unused Serialized files (Serialized files now loaded: 0)
System memory in use before: 65.4 MB.
System memory in use after: 65.5 MB.

Unloading 6 unused Assets to reduce memory usage. Loaded Objects now: 1799.
Total: 1.906000 ms (FindLiveObjects: 0.163800 ms CreateObjectMapping: 0.045200 ms MarkObjects: 1.633600 ms  DeleteObjects: 0.062500 ms)

========================================================================
Received Prepare
Registering precompiled user dll's ...
Registered in 0.000918 seconds.
Begin MonoManager ReloadAssembly
Native extension for WindowsStandalone target not found
Refreshing native plugins compatible for Editor in 0.34 ms, found 0 plugins.
Preloading 0 native plugins for Editor in 0.00 ms.
Invoked RoslynAnalysisRunner static constructor.
RoslynAnalysisRunner will not be running.
RoslynAnalysisRunner has terminated.
Mono: successfully reloaded assembly
- Completed reload, in  0.930 seconds
Platform modules already initialized, skipping
Refreshing native plugins compatible for Editor in 0.33 ms, found 0 plugins.
Preloading 0 native plugins for Editor in 0.00 ms.
Unloading 1256 Unused Serialized files (Serialized files now loaded: 0)
System memory in use before: 65.4 MB.
System memory in use after: 65.5 MB.

Unloading 6 unused Assets to reduce memory usage. Loaded Objects now: 1802.
Total: 1.956300 ms (FindLiveObjects: 0.160600 ms CreateObjectMapping: 0.043100 ms MarkObjects: 1.693400 ms  DeleteObjects: 0.057800 ms)

========================================================================
Received Prepare
Registering precompiled user dll's ...
Registered in 0.000999 seconds.
Begin MonoManager ReloadAssembly
Native extension for WindowsStandalone target not found
Refreshing native plugins compatible for Editor in 0.30 ms, found 0 plugins.
Preloading 0 native plugins for Editor in 0.00 ms.
Invoked RoslynAnalysisRunner static constructor.
RoslynAnalysisRunner will not be running.
RoslynAnalysisRunner has terminated.
Mono: successfully reloaded assembly
- Completed reload, in  0.963 seconds
Platform modules already initialized, skipping
Refreshing native plugins compatible for Editor in 0.41 ms, found 0 plugins.
Preloading 0 native plugins for Editor in 0.00 ms.
Unloading 1256 Unused Serialized files (Serialized files now loaded: 0)
System memory in use before: 65.4 MB.
System memory in use after: 65.5 MB.

Unloading 6 unused Assets to reduce memory usage. Loaded Objects now: 1805.
Total: 2.022100 ms (FindLiveObjects: 0.167800 ms CreateObjectMapping: 0.044000 ms MarkObjects: 1.746400 ms  DeleteObjects: 0.062800 ms)

========================================================================
Received Prepare
Registering precompiled user dll's ...
Registered in 0.001020 seconds.
Begin MonoManager ReloadAssembly
Native extension for WindowsStandalone target not found
Refreshing native plugins compatible for Editor in 0.32 ms, found 0 plugins.
Preloading 0 native plugins for Editor in 0.00 ms.
Invoked RoslynAnalysisRunner static constructor.
RoslynAnalysisRunner will not be running.
RoslynAnalysisRunner has terminated.
Mono: successfully reloaded assembly
- Completed reload, in  0.992 seconds
Platform modules already initialized, skipping
Refreshing native plugins compatible for Editor in 0.32 ms, found 0 plugins.
Preloading 0 native plugins for Editor in 0.00 ms.
Unloading 1256 Unused Serialized files (Serialized files now loaded: 0)
System memory in use before: 65.4 MB.
System memory in use after: 65.5 MB.

Unloading 6 unused Assets to reduce memory usage. Loaded Objects now: 1808.
Total: 2.321500 ms (FindLiveObjects: 0.173700 ms CreateObjectMapping: 0.044700 ms MarkObjects: 2.002200 ms  DeleteObjects: 0.099400 ms)

========================================================================
Received Import Request.
  Time since last request: 3654.401471 seconds.
  path: Assets/Scrips/QutiApplication.cs
  artifactKey: Guid(2212d4f34e5239049a96b817234db6ae) Importer(815301076,1909f56bfc062723c751e8b465ee728b)
Start importing Assets/Scrips/QutiApplication.cs using Guid(2212d4f34e5239049a96b817234db6ae) Importer(815301076,1909f56bfc062723c751e8b465ee728b)  -> (artifact id: 'a825f37d1ebaac282128b17075b3d718') in 0.048577 seconds
  Import took 0.051471 seconds .

========================================================================
Received Prepare
Registering precompiled user dll's ...
Registered in 0.001429 seconds.
Begin MonoManager ReloadAssembly
Native extension for WindowsStandalone target not found
Refreshing native plugins compatible for Editor in 0.29 ms, found 0 plugins.
Preloading 0 native plugins for Editor in 0.00 ms.
Invoked RoslynAnalysisRunner static constructor.
RoslynAnalysisRunner will not be running.
RoslynAnalysisRunner has terminated.
Mono: successfully reloaded assembly
- Completed reload, in  1.111 seconds
Platform modules already initialized, skipping
Refreshing native plugins compatible for Editor in 0.29 ms, found 0 plugins.
Preloading 0 native plugins for Editor in 0.00 ms.
Unloading 1257 Unused Serialized files (Serialized files now loaded: 0)
System memory in use before: 65.5 MB.
System memory in use after: 65.6 MB.

Unloading 6 unused Assets to reduce memory usage. Loaded Objects now: 1812.
Total: 2.388600 ms (FindLiveObjects: 0.212100 ms CreateObjectMapping: 0.046800 ms MarkObjects: 2.052300 ms  DeleteObjects: 0.075500 ms)

========================================================================
Received Import Request.
  Time since last request: 14.136305 seconds.
  path: Assets/Scrips/QuitApplication.cs
  artifactKey: Guid(2212d4f34e5239049a96b817234db6ae) Importer(815301076,1909f56bfc062723c751e8b465ee728b)
Start importing Assets/Scrips/QuitApplication.cs using Guid(2212d4f34e5239049a96b817234db6ae) Importer(815301076,1909f56bfc062723c751e8b465ee728b)  -> (artifact id: 'ef21ee04e9aee32efc355175494d2318') in 0.035090 seconds
  Import took 0.037709 seconds .

========================================================================
Received Prepare
Registering precompiled user dll's ...
Registered in 0.001178 seconds.
Begin MonoManager ReloadAssembly
Native extension for WindowsStandalone target not found
Refreshing native plugins compatible for Editor in 0.44 ms, found 0 plugins.
Preloading 0 native plugins for Editor in 0.00 ms.
Invoked RoslynAnalysisRunner static constructor.
RoslynAnalysisRunner will not be running.
RoslynAnalysisRunner has terminated.
Mono: successfully reloaded assembly
- Completed reload, in  1.269 seconds
Platform modules already initialized, skipping
Refreshing native plugins compatible for Editor in 0.40 ms, found 0 plugins.
Preloading 0 native plugins for Editor in 0.00 ms.
Unloading 1257 Unused Serialized files (Serialized files now loaded: 0)
System memory in use before: 65.5 MB.
System memory in use after: 65.6 MB.

Unloading 6 unused Assets to reduce memory usage. Loaded Objects now: 1815.
Total: 2.302600 ms (FindLiveObjects: 0.196600 ms CreateObjectMapping: 0.062900 ms MarkObjects: 1.966100 ms  DeleteObjects: 0.075800 ms)

========================================================================
Received Prepare
Registering precompiled user dll's ...
Registered in 0.001149 seconds.
Begin MonoManager ReloadAssembly
Native extension for WindowsStandalone target not found
Refreshing native plugins compatible for Editor in 0.34 ms, found 0 plugins.
Preloading 0 native plugins for Editor in 0.00 ms.
Invoked RoslynAnalysisRunner static constructor.
RoslynAnalysisRunner will not be running.
RoslynAnalysisRunner has terminated.
Mono: successfully reloaded assembly
- Completed reload, in  0.986 seconds
Platform modules already initialized, skipping
Refreshing native plugins compatible for Editor in 0.28 ms, found 0 plugins.
Preloading 0 native plugins for Editor in 0.00 ms.
Unloading 1257 Unused Serialized files (Serialized files now loaded: 0)
System memory in use before: 65.5 MB.
System memory in use after: 65.6 MB.

Unloading 6 unused Assets to reduce memory usage. Loaded Objects now: 1818.
Total: 2.447900 ms (FindLiveObjects: 0.346300 ms CreateObjectMapping: 0.064900 ms MarkObjects: 1.974200 ms  DeleteObjects: 0.061000 ms)

========================================================================
Received Import Request.
  Time since last request: 54.146759 seconds.
  path: Assets/Scrips/QuitApplication.cs
  artifactKey: Guid(2212d4f34e5239049a96b817234db6ae) Importer(815301076,1909f56bfc062723c751e8b465ee728b)
Start importing Assets/Scrips/QuitApplication.cs using Guid(2212d4f34e5239049a96b817234db6ae) Importer(815301076,1909f56bfc062723c751e8b465ee728b)  -> (artifact id: '5305b37f45ac2a8501f26e1f6022f5cf') in 0.007090 seconds
  Import took 0.009682 seconds .

========================================================================
Received Prepare
Registering precompiled user dll's ...
Registered in 0.000956 seconds.
Begin MonoManager ReloadAssembly
Native extension for WindowsStandalone target not found
Refreshing native plugins compatible for Editor in 0.28 ms, found 0 plugins.
Preloading 0 native plugins for Editor in 0.00 ms.
Invoked RoslynAnalysisRunner static constructor.
RoslynAnalysisRunner will not be running.
RoslynAnalysisRunner has terminated.
Mono: successfully reloaded assembly
- Completed reload, in  0.931 seconds
Platform modules already initialized, skipping
Refreshing native plugins compatible for Editor in 0.30 ms, found 0 plugins.
Preloading 0 native plugins for Editor in 0.00 ms.
Unloading 1257 Unused Serialized files (Serialized files now loaded: 0)
System memory in use before: 65.5 MB.
System memory in use after: 65.6 MB.

Unloading 6 unused Assets to reduce memory usage. Loaded Objects now: 1821.
Total: 2.026000 ms (FindLiveObjects: 0.246100 ms CreateObjectMapping: 0.045000 ms MarkObjects: 1.672000 ms  DeleteObjects: 0.061700 ms)

========================================================================
Received Prepare
Refreshing native plugins compatible for Editor in 1.09 ms, found 0 plugins.
Preloading 0 native plugins for Editor in 0.00 ms.
Unloading 3 Unused Serialized files (Serialized files now loaded: 0)
System memory in use before: 40.5 MB.
System memory in use after: 40.6 MB.

Unloading 3 unused Assets to reduce memory usage. Loaded Objects now: 1821.
Total: 3.044500 ms (FindLiveObjects: 0.300600 ms CreateObjectMapping: 0.069800 ms MarkObjects: 2.603400 ms  DeleteObjects: 0.069200 ms)

========================================================================
Received Import Request.
  Time since last request: 205.326500 seconds.
  path: Assets/Scenes/Level 1.unity
  artifactKey: Guid(9fc0d4010bbf28b4594072e72b8655ab) Importer(815301076,1909f56bfc062723c751e8b465ee728b)
Start importing Assets/Scenes/Level 1.unity using Guid(9fc0d4010bbf28b4594072e72b8655ab) Importer(815301076,1909f56bfc062723c751e8b465ee728b)  -> (artifact id: 'c38dd755ad7a0c61bce2e10d03c6c11a') in 0.040530 seconds
  Import took 0.043111 seconds .

========================================================================
Received Prepare
Refreshing native plugins compatible for Editor in 0.96 ms, found 0 plugins.
Preloading 0 native plugins for Editor in 0.00 ms.
Unloading 3 Unused Serialized files (Serialized files now loaded: 0)
System memory in use before: 40.6 MB.
System memory in use after: 40.7 MB.

Unloading 3 unused Assets to reduce memory usage. Loaded Objects now: 1821.
Total: 2.524100 ms (FindLiveObjects: 0.159000 ms CreateObjectMapping: 0.042100 ms MarkObjects: 2.264700 ms  DeleteObjects: 0.057200 ms)

AssetImportWorkerClient::OnTransportError - code=2 error=End of file
